theta ansatz max err: 3.552713678800501e-15
grid spacing: 0.14170307533079907 0.14170307533079907
FD theta_x max err: 3.907985046680551e-14
FD theta_y max err: 0.017698084620470136
Init Vals: 0.8660254037844386 0.5196152422706632 0.8660254037844386 -0.5196152422706632
Objective increased, decreasing step size
Step:  1
Gradient Norm 1.4974910510747723
Obj Function Norm:  0.0025799484053956926
New Vals:  0.8657222560652842 0.4928381138404139 0.8657257692537732 -0.4934550937873503
Objective increased, decreasing step size
Step:  2
Gradient Norm 0.5309398998084661
Obj Function Norm:  0.00034891726687391204
New Vals:  0.8662411292693223 0.5027259381967127 0.8662235002517084 -0.5022811744410833
Objective increased, decreasing step size
Step:  3
Gradient Norm 0.19566913813079428
Obj Function Norm:  4.838391087594565e-05
New Vals:  0.8659039443934902 0.4989542181109619 0.8659183137293431 -0.4991995673276845
Objective increased, decreasing step size
Step:  4
Gradient Norm 0.07293646157269582
Obj Function Norm:  6.804370299445471e-06
New Vals:  0.8660857550701286 0.5004021480726654 0.866077151658678 -0.5002812529834006
Objective increased, decreasing step size
Step:  5
Gradient Norm 0.027377371064495913
Obj Function Norm:  9.69533157759278e-07
New Vals:  0.8659972322592643 0.49984505281555786 0.8660017468088854 -0.49990102545402554
Objective increased, decreasing step size
Step:  6
Gradient Norm 0.010342501769056931
Obj Function Norm:  1.397283549139564e-07
New Vals:  0.8660380144487707 0.5000597940309409 0.8660358328531415 -0.5000348751992575
Objective increased, decreasing step size
Step:  7
Gradient Norm 0.003929216314679566
Obj Function Norm:  2.0346621958304646e-08
New Vals:  0.8660199136927015 0.49997689118665695 0.8660209169072155 -0.49998769248392444
Objective increased, decreasing step size
Step:  8
Gradient Norm 0.0015003337302353776
Obj Function Norm:  2.9894340313663523e-09
New Vals:  0.8660277456487868 0.5000089428002371 0.8660273002322837 -0.5000043503200883
Objective increased, decreasing step size
Step:  9
Gradient Norm 0.0005754110171894182
Obj Function Norm:  4.4262878021983534e-10
New Vals:  0.8660244199016985 0.4999965350342472 0.8660246128279105 -0.4999984595852981
Objective increased, decreasing step size
Step:  10
Gradient Norm 0.0002215179021426182
Obj Function Norm:  6.596622013135788e-11
New Vals:  0.866025812297409 0.5000013440103677 0.8660257302743285 -0.5000005464871805
Objective increased, decreasing step size
Step:  11
Gradient Norm 8.555045608410621e-05
Obj Function Norm:  9.884834899483398e-12
New Vals:  0.8660252357381435 0.4999994781568306 0.8660252701194574 -0.49999980572553104
Objective increased, decreasing step size
Step:  12
Gradient Norm 3.312754123337754e-05
Obj Function Norm:  1.4878866929356071e-12
New Vals:  0.8660254723961794 0.5000002028003202 0.8660254581442537 -0.5000000692169078
Objective increased, decreasing step size
Step:  13
Gradient Norm 1.2856029351011568e-05
Obj Function Norm:  2.2478558160789725e-13
New Vals:  0.8660253759416963 0.4999999211230722 0.8660253817972934 -0.49999997528057855
Objective increased, decreasing step size
Step:  14
Gradient Norm 4.99806370936653e-06
Obj Function Norm:  3.406159254353955e-14
New Vals:  0.866025415026092 0.5000000307007204 0.8660254126374805 -0.5000000088503925
Objective increased, decreasing step size
Step:  15
Gradient Norm 1.945930981659472e-06
Obj Function Norm:  5.1737966763485526e-15
New Vals:  0.866025399264672 0.49999998804272855 0.8660254002333019 -0.49999999682274354
exact kx: 0.8660254037844386
exact ky: 0.5
found kx: 0.866025399264672
found ky: 0.49999998804272855
Est Field max err: 3.552713678800501e-15
Ansatz theta_x max err: 4.519766783062096e-09
Ansatz theta_y max err: 1.5274460585246175e-08
FiniteDiff theta_x max err: 6.417089082333405e-14
FiniteDiff theta_y max err: 0.017698084620470136
Shape of sampled local spec derivs: (127, 127)
LocalSpec theta_x max err: 4.596323321948148e-14
LocaSpec theta_y max err: 4.696243394164412e-14
