theta ansatz max err: 3.552713678800501e-15
grid spacing: 0.12864390398106096 0.12864390398106096
FD theta_x max err: 3.952393967665557e-14
FD theta_y max err: 0.005787539201245102
Init Vals: 0.9539392014169457 0.38157568056677826 0.9539392014169457 -0.38157568056677826
Step:  1
Gradient Norm 4.272816513304576
Obj Function Norm:  0.19823368704399968
New Vals:  0.9516041295904705 0.22896779258085143 0.9516830039003419 -0.23210096053784907
Step:  2
Gradient Norm 3.73577440759418
Obj Function Norm:  0.1652388607452579
New Vals:  0.955965320881465 0.36465523053830573 0.9559944138227333 -0.36032473757095457
Step:  3
Gradient Norm 3.541795858183743
Obj Function Norm:  0.16334027458528483
New Vals:  0.950490036140207 0.23482960692141544 0.9506695085489021 -0.2401258655049855
Step:  4
Gradient Norm 3.4645424230657205
Obj Function Norm:  0.1518235627985533
New Vals:  0.9568588648905951 0.36262312820647075 0.9569133820832585 -0.35673162644438566
Objective increased, decreasing step size
Step:  5
Gradient Norm 3.41890981135457
Obj Function Norm:  3.1995632787001774e-05
New Vals:  0.9532913639623287 0.29928018739938866 0.9533926182233992 -0.299563985289264
Objective increased, decreasing step size
Step:  6
Gradient Norm 0.05357431307255621
Obj Function Norm:  4.819047895157484e-07
New Vals:  0.9540146559389666 0.3000891191441553 0.9540193361453362 -0.3000368300665541
Objective increased, decreasing step size
Step:  7
Gradient Norm 0.006587095863669733
Obj Function Norm:  7.695476887751955e-09
New Vals:  0.9539284818628481 0.29998873010708726 0.9539296322218225 -0.2999972330856574
Objective increased, decreasing step size
Step:  8
Gradient Norm 0.0008333438136036105
Obj Function Norm:  1.2736878422544243e-10
New Vals:  0.9539405162945219 0.30000144601068524 0.953940540893657 -0.30000015161672194
Objective increased, decreasing step size
Step:  9
Gradient Norm 0.0001072966919522089
Obj Function Norm:  2.160513386296667e-12
New Vals:  0.953939021173517 0.2999998120910365 0.9539390349381615 -0.30000000201601196
Objective increased, decreasing step size
Step:  10
Gradient Norm 1.3981667113656546e-05
Obj Function Norm:  3.722896692169188e-14
New Vals:  0.9539392241666044 0.30000002466510406 0.9539392240538287 -0.29999999746395645
Objective increased, decreasing step size
Step:  11
Gradient Norm 1.8359682320277279e-06
Obj Function Norm:  6.479688438490721e-16
New Vals:  0.9539391983599448 0.29999999673590994 0.9539391985381043 -0.3000000005722255
exact kx: 0.9539392014169457
exact ky: 0.3
found kx: 0.9539391983599448
found ky: 0.29999999673590994
Est Field max err: 3.552713678800501e-15
Ansatz theta_x max err: 3.056991992878011e-09
Ansatz theta_y max err: 3.6932280567114617e-09
FiniteDiff theta_x max err: 4.3298697960381105e-14
FiniteDiff theta_y max err: 0.005787539201245102
Shape of sampled local spec derivs: (127, 127)
LocalSpec theta_x max err: 4.18554080283684e-14
LocaSpec theta_y max err: 4.413136522884997e-14
