Self Dual Equation: (div(k))^2-1+2|k|^2-|k|^4 = 0
First Fit LHS = div(k)^2
RHS should be 1 - 2|k|^2 + |k|^4
coefficient vector solution = [[ 0.01252434]
 [-0.01871514]
 [ 0.00618738]]
u_t = (0.012524 +0.000000i)|k|
    + (-0.018715 +0.000000i)|k|^2
    + (0.006187 +0.000000i)|k|^4
   
Second Fit LHS = div(k)^2 -1 + 2|k|^2 - |k|^4
RHS should be 0
coefficient vector solution = [[-3.62565711e-04]
 [ 2.11114746e+00]
 [ 4.50645167e+03]
 [ 4.53264137e-02]
 [ 4.30228814e-01]
 [-4.75556994e-01]
 [ 1.04168411e+00]]
u_t = (-0.000363 +0.000000i)div(k)
    + (2.111147 +0.000000i)div(k)^3
    + (4506.451669 +0.000000i)div(k)^4
    + (0.045326 +0.000000i)|k|
    + (0.430229 +0.000000i)|k|^3
    + (-0.475557 +0.000000i)|k|^5
    + (1.041684 +0.000000i)ln(|k|)
   
Third Fit LHS = 2|k|^2 - |k|^4
RHS Should be: 1 - (div(k)^2
coefficient vector solution = [[-7.04278376e+03]
 [-3.61447642e+03]
 [-3.12796663e-02]
 [-7.04157807e+03]
 [ 7.31173197e+01]
 [ 7.04260791e+03]
 [-3.99309539e-04]]
u_t = (-7042.783755 +0.000000i)div(k)
    + (-3614.476416 +0.000000i)div(k)^2
    + (-0.031280 +0.000000i)|k|
    + (-7041.578071 +0.000000i)1
    + (73.117320 +0.000000i)Jk
    + (7042.607915 +0.000000i)e^(div(k))
    + (-0.000399 +0.000000i)sin(theta_y)
   
