Self Dual Equation: (div(k))^2-1+2|k|^2-|k|^4 = 0
First Fit LHS = div(k)^2
RHS should be 1 - 2|k|^2 + |k|^4
coefficient vector solution = [[ 6.36466788e-04]
 [-1.97311690e+00]
 [ 1.00008205e+00]
 [ 2.88433727e-02]
 [ 2.32833578e-04]
 [ 9.72377615e-01]
 [ 1.89997097e-11]]
u_t = (0.000636 +0.000000i)|k|
    + (-1.973117 +0.000000i)|k|^2
    + (1.000082 +0.000000i)|k|^4
    + (0.028843 +0.000000i)div(k)
    + (0.000233 +0.000000i)div(k)^4
    + (0.972378 +0.000000i)1
    + (0.000000 +0.000000i)theta_y
   
Second Fit LHS = div(k)^2 -1 + 2|k|^2 - |k|^4
RHS should be 0
coefficient vector solution = [[0.00146898+0.j]
 [0.        +0.j]
 [0.        +0.j]
 [0.        +0.j]
 [0.        +0.j]
 [0.        +0.j]
 [0.        +0.j]]
u_t = (0.001469 +0.000000i)div(k)
   
Third Fit LHS = 2|k|^2 - |k|^4
RHS Should be: 1 - (div(k)^2
coefficient vector solution = [[ 1.23696533e-03]
 [-9.99816950e-01]
 [-2.42321263e-03]
 [ 1.00339367e+00]
 [ 2.73426819e+00]
 [-9.70110782e-04]
 [ 1.49961818e-13]]
u_t = (0.001237 +0.000000i)div(k)
    + (-0.999817 +0.000000i)div(k)^2
    + (-0.002423 +0.000000i)|k|
    + (1.003394 +0.000000i)1
    + (2.734268 +0.000000i)Jk
    + (-0.000970 +0.000000i)e^(div(k))
    + (0.000000 +0.000000i)sin(theta_y)
   
