Self Dual Equation: (div(k))^2-1+2|k|^2-|k|^4 = 0
First Fit LHS = div(k)^2
RHS should be 1 - 2|k|^2 + |k|^4
coefficient vector solution = [[-4.27815011e-03]
 [-1.96587198e+00]
 [-1.51625198e-03]
 [ 1.00002306e+00]
 [ 2.97609788e-02]
 [-1.07479837e-03]
 [ 9.71643315e-01]
 [ 1.65778568e-10]]
u_t = (-0.004278 +0.000000i)|k|
    + (-1.965872 +0.000000i)|k|^2
    + (-0.001516 +0.000000i)|k|^3
    + (1.000023 +0.000000i)|k|^4
    + (0.029761 +0.000000i)div(k)
    + (-0.001075 +0.000000i)div(k)^4
    + (0.971643 +0.000000i)1
    + (0.000000 +0.000000i)theta_y
   
Second Fit LHS = div(k)^2 -1 + 2|k|^2 - |k|^4
RHS should be 0
coefficient vector solution = [[2.3798992e-08+0.j]
 [0.0000000e+00+0.j]
 [0.0000000e+00+0.j]
 [0.0000000e+00+0.j]
 [0.0000000e+00+0.j]
 [0.0000000e+00+0.j]
 [0.0000000e+00+0.j]
 [0.0000000e+00+0.j]]
u_t = (0.000000 +0.000000i)div(k)
   
Third Fit LHS = 2|k|^2 - |k|^4
RHS Should be: 1 - (div(k)^2
coefficient vector solution = [[ 5.34826905e-09]
 [-9.99999995e-01]
 [ 7.34110533e-09]
 [ 9.99999998e-01]
 [ 3.99999163e+00]
 [-4.91066079e-09]
 [ 2.52431360e-15]]
u_t = (0.000000 +0.000000i)div(k)
    + (-1.000000 +0.000000i)div(k)^2
    + (0.000000 +0.000000i)|k|
    + (1.000000 +0.000000i)1
    + (3.999992 +0.000000i)Jk
    + (-0.000000 +0.000000i)e^(div(k))
    + (0.000000 +0.000000i)sin(theta_y)
   
