Self Dual Equation: (div(k))^2-1+2|k|^2-|k|^4 = 0
First Fit LHS = div(k)^2
RHS should be 1 - 2|k|^2 + |k|^4
coefficient vector solution = [[-2.83297981e-03]
 [-1.95196637e+00]
 [-2.67138008e-03]
 [ 1.00064667e+00]
 [ 4.39034508e-02]
 [-8.98199411e-05]
 [ 9.56824058e-01]
 [ 9.54944460e-12]]
u_t = (-0.002833 +0.000000i)|k|
    + (-1.951966 +0.000000i)|k|^2
    + (-0.002671 +0.000000i)|k|^3
    + (1.000647 +0.000000i)|k|^4
    + (0.043903 +0.000000i)div(k)
    + (-0.000090 +0.000000i)div(k)^4
    + (0.956824 +0.000000i)1
    + (0.000000 +0.000000i)theta_y
   
Second Fit LHS = div(k)^2 -1 + 2|k|^2 - |k|^4
RHS should be 0
coefficient vector solution = [[0.00000000e+00+0.j]
 [0.00000000e+00+0.j]
 [0.00000000e+00+0.j]
 [0.00000000e+00+0.j]
 [0.00000000e+00+0.j]
 [0.00000000e+00+0.j]
 [2.57666594e-09+0.j]
 [0.00000000e+00+0.j]]
u_t = (0.000000 +0.000000i)ln(|k|)
   
Third Fit LHS = 2|k|^2 - |k|^4
RHS Should be: 1 - (div(k)^2
coefficient vector solution = [[-5.41361661e-09]
 [-9.99999969e-01]
 [-2.30426946e-07]
 [ 1.00000034e+00]
 [ 3.99990850e+00]
 [-1.13590926e-07]
 [-1.09741043e-14]]
u_t = (-0.000000 +0.000000i)div(k)
    + (-1.000000 +0.000000i)div(k)^2
    + (-0.000000 +0.000000i)|k|
    + (1.000000 +0.000000i)1
    + (3.999909 +0.000000i)Jk
    + (-0.000000 +0.000000i)e^(div(k))
    + (-0.000000 +0.000000i)sin(theta_y)
   
