Self Dual Equation: (div(k))^2-1+2|k|^2-|k|^4 = 0
First Fit LHS = div(k)^2
RHS should be 1 - 2|k|^2 + |k|^4
coefficient vector solution = [[-2.74924123e-04]
 [-1.95372230e+00]
 [-1.33559084e-04]
 [ 1.00001364e+00]
 [ 4.59673863e-02]
 [-2.32077416e-05]
 [ 9.54117137e-01]
 [ 8.93236337e-11]]
u_t = (-0.000275 +0.000000i)|k|
    + (-1.953722 +0.000000i)|k|^2
    + (-0.000134 +0.000000i)|k|^3
    + (1.000014 +0.000000i)|k|^4
    + (0.045967 +0.000000i)div(k)
    + (-0.000023 +0.000000i)div(k)^4
    + (0.954117 +0.000000i)1
    + (0.000000 +0.000000i)theta_y
   
Second Fit LHS = div(k)^2 -1 + 2|k|^2 - |k|^4
RHS should be 0
coefficient vector solution = [[ 0.0456608 ]
 [-0.0007921 ]
 [-0.00012872]
 [ 0.01702793]
 [ 0.01570088]
 [-0.00151513]
 [-0.00279218]
 [-0.04081063]]
u_t = (0.045661 +0.000000i)div(k)
    + (-0.000792 +0.000000i)div(k)^3
    + (-0.000129 +0.000000i)div(k)^4
    + (0.017028 +0.000000i)|k|
    + (0.015701 +0.000000i)|k|^3
    + (-0.001515 +0.000000i)|k|^5
    + (-0.002792 +0.000000i)ln(|k|)
    + (-0.040811 +0.000000i)cos(theta_y)
   
Third Fit LHS = 2|k|^2 - |k|^4
RHS Should be: 1 - (div(k)^2
coefficient vector solution = [[ 3.34651670e-09]
 [-9.99999990e-01]
 [-3.29080153e-08]
 [ 1.00000006e+00]
 [ 4.00000936e+00]
 [-2.37306677e-08]
 [ 6.00033816e-15]]
u_t = (0.000000 +0.000000i)div(k)
    + (-1.000000 +0.000000i)div(k)^2
    + (-0.000000 +0.000000i)|k|
    + (1.000000 +0.000000i)1
    + (4.000009 +0.000000i)Jk
    + (-0.000000 +0.000000i)e^(div(k))
    + (0.000000 +0.000000i)sin(theta_y)
   
