Self Dual Equation: (div(k))^2-1+2|k|^2-|k|^4 = 0
First Fit LHS = div(k)^2
RHS should be 1 - 2|k|^2 + |k|^4
coefficient vector solution = [[-1.64215560e-03]
 [-1.97131509e+00]
 [-1.30867308e-03]
 [ 1.00028435e+00]
 [ 2.64695270e-02]
 [-1.10337982e-04]
 [ 9.73981574e-01]
 [-8.91604794e-14]]
u_t = (-0.001642 +0.000000i)|k|
    + (-1.971315 +0.000000i)|k|^2
    + (-0.001309 +0.000000i)|k|^3
    + (1.000284 +0.000000i)|k|^4
    + (0.026470 +0.000000i)div(k)
    + (-0.000110 +0.000000i)div(k)^4
    + (0.973982 +0.000000i)1
    + (-0.000000 +0.000000i)theta_y
   
Second Fit LHS = div(k)^2 -1 + 2|k|^2 - |k|^4
RHS should be 0
coefficient vector solution = [[-2.19318216e-09-0.j]
 [ 0.00000000e+00+0.j]
 [ 0.00000000e+00+0.j]
 [ 0.00000000e+00+0.j]
 [ 0.00000000e+00+0.j]
 [ 0.00000000e+00+0.j]
 [ 0.00000000e+00+0.j]
 [ 0.00000000e+00+0.j]]
u_t = (-0.000000 -0.000000i)div(k)
   
Third Fit LHS = 2|k|^2 - |k|^4
RHS Should be: 1 - (div(k)^2
coefficient vector solution = [[ 3.17517928e-08]
 [-9.99999956e-01]
 [-1.76554405e-07]
 [ 1.00000030e+00]
 [ 3.99981350e+00]
 [-1.23456928e-07]
 [ 2.61126623e-15]]
u_t = (0.000000 +0.000000i)div(k)
    + (-1.000000 +0.000000i)div(k)^2
    + (-0.000000 +0.000000i)|k|
    + (1.000000 +0.000000i)1
    + (3.999813 +0.000000i)Jk
    + (-0.000000 +0.000000i)e^(div(k))
    + (0.000000 +0.000000i)sin(theta_y)
   
