time to generate solutions:  5.969466924667358
on step:  0
FC:  (1978.5746780080337+142.6550663731266j) Kx: 0.9 Ky:  0.4
Err: 69.50100445998666 relErr: 0.9646723024061423
on step:  1
FC:  (1978.5746780080337-142.6550663731266j) Kx: -0.9 Ky:  -0.4
Err: 68.63162280084978 relErr: 0.9526053054856577
on step:  2
FC:  (9.840750319189658+1735.3099728591008j) Kx: -0.4 Ky:  -0.9
Err: 66.59277715332986 relErr: 0.9243061759935635
on step:  3
FC:  (9.840750319189658-1735.3099728591008j) Kx: 0.4 Ky:  0.9
Err: 65.89914573976935 relErr: 0.914678588335807
on step:  4
FC:  (-962.5905578138396-1166.863133259776j) Kx: 0.6000000000000001 Ky:  0.8
Err: 64.29005370968886 relErr: 0.8923444289160711
on step:  5
FC:  (-962.5905578138396+1166.863133259776j) Kx: -0.6000000000000001 Ky:  -0.8
Err: 63.744664128974634 relErr: 0.8847744344012606
on step:  6
FC:  (-300.7463365370914-1287.703560616606j) Kx: -0.9 Ky:  -0.5
Err: 62.47631915480135 relErr: 0.8671698360794419
on step:  7
FC:  (-300.7463365370914+1287.703560616606j) Kx: 0.9 Ky:  0.5
Err: 62.04777625780155 relErr: 0.8612216707782252
on step:  8
FC:  (-976.9826918590488-873.8967824602802j) Kx: -0.5 Ky:  -0.8
Err: 60.76694393894861 relErr: 0.8434437484068238
on step:  9
FC:  (-976.9826918590488+873.8967824602802j) Kx: 0.5 Ky:  0.8
Err: 60.33395772470394 relErr: 0.8374339099670643
on step:  10
FC:  (639.3801398514154-1083.4653995358112j) Kx: -1.0 Ky:  -0.30000000000000004
Err: 59.120940065973016 relErr: 0.8205972534784381
on step:  11
FC:  (639.3801398514154+1083.4653995358112j) Kx: 1.0 Ky:  0.30000000000000004
Err: 58.711031792475275 relErr: 0.8149077363118474
on step:  12
FC:  (-990.997914986419-658.9986756257141j) Kx: -0.2 Ky:  1.0
Err: 57.59612815390153 relErr: 0.799432900108536
on step:  13
FC:  (-990.997914986419+658.9986756257141j) Kx: 0.2 Ky:  -1.0
Err: 57.2196663719318 relErr: 0.7942076194553658
on step:  14
FC:  (1177.6944988373511+77.87783920797884j) Kx: -0.5 Ky:  -0.9
Err: 56.09415815494263 relErr: 0.7785855919538055
on step:  15
FC:  (1177.6944988373511-77.87783920797884j) Kx: 0.5 Ky:  0.9
Err: 55.71393630780867 relErr: 0.7733081216848542
on step:  16
FC:  (846.8331422280382+682.237130979261j) Kx: 1.0 Ky:  0.1
Err: 54.733671785988484 relErr: 0.7597020732460038
on step:  17
FC:  (846.8331422280382-682.237130979261j) Kx: -1.0 Ky:  -0.1
Err: 54.40299198204294 relErr: 0.7551122453678324
on step:  18
FC:  (-880.9221864087997+572.1641451849866j) Kx: 0.4 Ky:  -0.9
Err: 53.466500189137804 relErr: 0.7421137613737433
on step:  19
FC:  (-880.9221864087997-572.1641451849866j) Kx: -0.4 Ky:  0.9
Err: 53.15066958907812 relErr: 0.7377300400952214
on step:  20
FC:  (463.9992632044729-901.0444402451267j) Kx: 0.8 Ky:  -0.6000000000000001
Err: 52.25851958966114 relErr: 0.7253470191487442
on step:  21
FC:  (463.9992632044729+901.0444402451267j) Kx: -0.8 Ky:  0.6000000000000001
Err: 51.95773218378132 relErr: 0.7211720970505764
on step:  22
FC:  (631.0420265907239-789.0829179681535j) Kx: -0.30000000000000004 Ky:  1.0
Err: 51.0503953946779 relErr: 0.7085782838215012
on step:  23
FC:  (631.0420265907239+789.0829179681535j) Kx: 0.30000000000000004 Ky:  -1.0
Err: 50.744344663979575 relErr: 0.7043303068990122
on step:  24
FC:  (573.6652892679991+782.2299165835927j) Kx: -0.9 Ky:  -0.30000000000000004
Err: 49.888271515216125 relErr: 0.6924480317885688
on step:  25
FC:  (573.6652892679991-782.2299165835927j) Kx: 0.9 Ky:  0.30000000000000004
Err: 49.599630454695074 relErr: 0.6884417006774537
on step:  26
FC:  (-640.2449386434112-650.93541012007j) Kx: 0.8 Ky:  -0.5
Err: 48.824196772301875 relErr: 0.6776786994579794
on step:  27
FC:  (-640.2449386434112+650.93541012007j) Kx: -0.8 Ky:  0.5
Err: 48.5629674429652 relErr: 0.6740528425290727
on step:  28
FC:  (-323.9622551931667-810.2395691312653j) Kx: -0.8 Ky:  -0.6000000000000001
Err: 47.839836120858656 relErr: 0.6640157968365873
on step:  29
FC:  (-323.9622551931667+810.2395691312653j) Kx: 0.8 Ky:  0.6000000000000001
Err: 47.59635095752598 relErr: 0.6606362285132389
on step:  30
FC:  (553.7540271345183-663.2881961720441j) Kx: -0.30000000000000004 Ky:  -1.0
Err: 46.8728048370934 relErr: 0.650593425429773
on step:  31
FC:  (553.7540271345183+663.2881961720441j) Kx: 0.30000000000000004 Ky:  1.0
Err: 46.62912790918355 relErr: 0.6472111954186172
on step:  32
FC:  (-715.0968475766863+448.7347470826178j) Kx: 1.0 Ky:  0.4
Err: 45.924106100285705 relErr: 0.6374255093422729
on step:  33
FC:  (-715.0968475766863-448.7347470826178j) Kx: -1.0 Ky:  -0.4
Err: 45.68668119145957 relErr: 0.6341300572085165
on step:  34
FC:  (603.8305093665297+545.5339443073044j) Kx: 0.5 Ky:  -0.9
Err: 45.018273152088994 relErr: 0.6248525693895078
on step:  35
FC:  (603.8305093665297-545.5339443073044j) Kx: -0.5 Ky:  0.9
Err: 44.79325407578809 relErr: 0.6217293099185535
on step:  36
FC:  (763.9874288601015+243.89311695734284j) Kx: -0.7000000000000001 Ky:  0.6000000000000001
Err: 44.13108309458992 relErr: 0.6125383923198484
on step:  37
FC:  (763.9874288601015-243.89311695734284j) Kx: 0.7000000000000001 Ky:  -0.6000000000000001
Err: 43.908140360333704 relErr: 0.6094439524274943
on step:  38
FC:  (-722.6537232753353+330.92580947870204j) Kx: -0.8 Ky:  -0.4
Err: 43.244505297986336 relErr: 0.6002327134169754
on step:  39
FC:  (-722.6537232753353-330.92580947870204j) Kx: 0.8 Ky:  0.4
Err: 43.0210187542768 relErr: 0.5971307254622374
on step:  40
FC:  (515.8897691795182+595.2789094240268j) Kx: -0.1 Ky:  0.9
Err: 42.355633074128384 relErr: 0.5878951879179362
on step:  41
FC:  (515.8897691795182-595.2789094240268j) Kx: 0.1 Ky:  -0.9
Err: 42.13150269408453 relErr: 0.5847842635300657
on step:  42
FC:  (660.1430454356116-359.82588478343536j) Kx: 0.8 Ky:  0.5
Err: 41.512794407030896 relErr: 0.5761966071008207
on step:  43
FC:  (660.1430454356116+359.82588478343536j) Kx: -0.8 Ky:  -0.5
Err: 41.30449886174633 relErr: 0.5733054698458723
on step:  44
FC:  (580.384596151253-467.89221306262976j) Kx: 0.9 Ky:  0.2
Err: 40.68389629496775 relErr: 0.5646915208587303
on step:  45
FC:  (580.384596151253+467.89221306262976j) Kx: -0.9 Ky:  -0.2
Err: 40.474914225722415 relErr: 0.5617908546674012
on step:  46
FC:  (397.4159435731434-612.1770272107937j) Kx: -1.0 Ky:  -0.2
Err: 39.86788841557249 relErr: 0.553365350741995
on step:  47
FC:  (397.4159435731434+612.1770272107937j) Kx: 1.0 Ky:  0.2
Err: 39.66348205123772 relErr: 0.5505281952268858
on step:  48
FC:  (428.5667933250173-557.1799875134302j) Kx: -0.7000000000000001 Ky:  0.7000000000000001
Err: 39.08905038094131 relErr: 0.5425550971937648
on step:  49
FC:  (428.5667933250173+557.1799875134302j) Kx: 0.7000000000000001 Ky:  -0.7000000000000001
Err: 38.89568797997286 relErr: 0.5398712316296578
on step:  50
FC:  (-663.2525091067682+213.36315024368062j) Kx: -0.6000000000000001 Ky:  0.8
Err: 38.32012927817451 relErr: 0.5318824904258762
on step:  51
FC:  (-663.2525091067682-213.36315024368062j) Kx: 0.6000000000000001 Ky:  -0.8
Err: 38.12634560750446 relErr: 0.5291927776482483
on step:  52
FC:  (369.3788199851514-574.3810696588378j) Kx: 0.4 Ky:  -1.0
Err: 37.562244550412245 relErr: 0.5213630682827071
on step:  53
FC:  (369.3788199851514+574.3810696588378j) Kx: -0.4 Ky:  1.0
Err: 37.37231878131649 relErr: 0.5187269030879242
on step:  54
FC:  (-675.5199628292789+10.078666542783193j) Kx: 0.9 Ky:  -0.5
Err: 36.80900577891629 relErr: 0.5109081319029182
on step:  55
FC:  (-675.5199628292789-10.078666542783193j) Kx: -0.9 Ky:  0.5
Err: 36.619309180798915 relErr: 0.5082751475959093
on step:  56
FC:  (592.2673152317782-322.2569741016367j) Kx: 0.0 Ky:  0.9
Err: 36.046514024849834 relErr: 0.5003247643433247
on step:  57
FC:  (592.2673152317782+322.2569741016367j) Kx: 0.0 Ky:  -0.9
Err: 35.853548817822016 relErr: 0.49764641182174396
on step:  58
FC:  (155.48602417993766-655.5493295953196j) Kx: -0.4 Ky:  0.8
Err: 35.26923971263933 relErr: 0.489536215225406
on step:  59
FC:  (155.48602417993766+655.5493295953196j) Kx: 0.4 Ky:  -0.8
Err: 35.072306818906355 relErr: 0.4868027913059536
on step:  60
FC:  (444.1293935572704+498.21756920088086j) Kx: 0.7000000000000001 Ky:  0.6000000000000001
Err: 34.48597623135522 relErr: 0.4786645365820274
on step:  61
FC:  (444.1293935572704-498.21756920088086j) Kx: -0.7000000000000001 Ky:  -0.6000000000000001
Err: 34.28830471613163 relErr: 0.4759208606137091
on step:  62
FC:  (480.1178888345374+457.95225322191544j) Kx: 0.1 Ky:  1.0
Err: 33.695448711706796 relErr: 0.46769203325750774
on step:  63
FC:  (480.1178888345374-457.95225322191544j) Kx: -0.1 Ky:  -1.0
Err: 33.49549828074791 relErr: 0.46491672599254213
on step:  64
FC:  (-574.0870271210756-326.2383306563753j) Kx: 0.1 Ky:  -1.0
Err: 32.89423564663442 relErr: 0.45657121481457097
on step:  65
FC:  (-574.0870271210756+326.2383306563753j) Kx: -0.1 Ky:  1.0
Err: 32.69135742072958 relErr: 0.45375526982482095
on step:  66
FC:  (65.45613173426264+631.3002845908186j) Kx: -0.6000000000000001 Ky:  0.9
Err: 32.122346747575435 relErr: 0.4458574151041557
on step:  67
FC:  (65.45613173426264-631.3002845908186j) Kx: 0.6000000000000001 Ky:  -0.9
Err: 31.93042327872687 relErr: 0.44319352188392885
on step:  68
FC:  (-173.12980552349276+587.3207388622051j) Kx: 0.7000000000000001 Ky:  0.7000000000000001
Err: 31.388326142881752 relErr: 0.4356692264262343
on step:  69
FC:  (-173.12980552349276-587.3207388622051j) Kx: -0.7000000000000001 Ky:  -0.7000000000000001
Err: 31.205534452769715 relErr: 0.4331320820794557
on step:  70
FC:  (362.0189766350811-472.86501862693376j) Kx: -1.0 Ky:  0.1
Err: 30.68086330736601 relErr: 0.42584965895801646
on step:  71
FC:  (362.0189766350811+472.86501862693376j) Kx: 1.0 Ky:  -0.1
Err: 30.503967570673566 relErr: 0.42339435030561884
on step:  72
FC:  (508.17519601308925-285.57164044441174j) Kx: 0.5 Ky:  -0.8
Err: 29.98971559940831 relErr: 0.41625654507543747
on step:  73
FC:  (508.17519601308925+285.57164044441174j) Kx: -0.5 Ky:  0.8
Err: 29.816327346946853 relErr: 0.4138499202214259
on step:  74
FC:  (-404.0336445871769+395.60287595247974j) Kx: 0.9 Ky:  -0.4
Err: 29.321320975648742 relErr: 0.4069792434647932
on step:  75
FC:  (-404.0336445871769-395.60287595247974j) Kx: -0.9 Ky:  0.4
Err: 29.154451224285832 relErr: 0.40466309525226085
on step:  76
FC:  (-245.204606969099-499.83473637295515j) Kx: -0.4 Ky:  -1.0
Err: 28.663641340169438 relErr: 0.397850665638717
on step:  77
FC:  (-245.204606969099+499.83473637295515j) Kx: 0.4 Ky:  1.0
Err: 28.498159667612573 relErr: 0.3955537839272684
on step:  78
FC:  (-379.3726494222052-383.9506728297085j) Kx: -0.7000000000000001 Ky:  0.8
Err: 28.026272901704345 relErr: 0.38900400674806584
on step:  79
FC:  (-379.3726494222052+383.9506728297085j) Kx: 0.7000000000000001 Ky:  -0.8
Err: 27.867201669121652 relErr: 0.3867961017922393
on step:  80
FC:  (-511.93582562020754+87.93906442913269j) Kx: -0.8 Ky:  -0.7000000000000001
Err: 27.420411047167015 relErr: 0.3805946584991054
on step:  81
FC:  (-511.93582562020754-87.93906442913269j) Kx: 0.8 Ky:  0.7000000000000001
Err: 27.2698541685069 relErr: 0.3785049325748743
on step:  82
FC:  (-295.22791329167+426.20868248217477j) Kx: 0.0 Ky:  1.0
Err: 26.814815831204484 relErr: 0.37218901118727327
on step:  83
FC:  (-295.22791329167-426.20868248217477j) Kx: 0.0 Ky:  -1.0
Err: 26.66141060205446 relErr: 0.3700597502254336
on step:  84
FC:  (42.416380903872835+504.9159111795951j) Kx: 1.0 Ky:  -0.2
Err: 26.21689602265623 relErr: 0.36388989834929175
on step:  85
FC:  (42.416380903872835-504.9159111795951j) Kx: -1.0 Ky:  0.2
Err: 26.067040063138034 relErr: 0.36180990116621614
on step:  86
FC:  (239.4374963744989-438.85882080281107j) Kx: -1.0 Ky:  0.0
Err: 25.624383752321062 relErr: 0.35566584201414647
on step:  87
FC:  (239.4374963744989+438.85882080281107j) Kx: 1.0 Ky:  0.0
Err: 25.475122460233102 relErr: 0.35359409880097453
on step:  88
FC:  (94.48395221608769+485.70737284369227j) Kx: 0.6000000000000001 Ky:  -0.7000000000000001
Err: 25.031304328814684 relErr: 0.3474339136063636
on step:  89
FC:  (94.48395221608769-485.70737284369227j) Kx: -0.6000000000000001 Ky:  0.7000000000000001
Err: 24.881605797878574 relErr: 0.34535610152829366
on step:  90
FC:  (398.651088716055+288.9080793408441j) Kx: 0.8 Ky:  -0.7000000000000001
Err: 24.431594047805078 relErr: 0.339109949052855
on step:  91
FC:  (398.651088716055-288.9080793408441j) Kx: -0.8 Ky:  0.7000000000000001
Err: 24.27973670770171 relErr: 0.33700217275446887
on step:  92
FC:  (-276.4792594619772+375.0349760690064j) Kx: -0.30000000000000004 Ky:  0.9
Err: 23.866927893749864 relErr: 0.3312723961547977
on step:  93
FC:  (-276.4792594619772-375.0349760690064j) Kx: 0.30000000000000004 Ky:  -0.9
Err: 23.727729022857787 relErr: 0.32934031911045647
on step:  94
FC:  (-341.21157951551317-309.1010674877718j) Kx: -0.9 Ky:  0.30000000000000004
Err: 23.315205344343333 relErr: 0.32361450018393007
on step:  95
FC:  (-341.21157951551317+309.1010674877718j) Kx: 0.9 Ky:  -0.30000000000000004
Err: 23.176065789325385 relErr: 0.32168324644252255
on step:  96
FC:  (156.92571201919174-417.9201663940258j) Kx: 0.2 Ky:  0.9
Err: 22.779050177329882 relErr: 0.3161726791134506
on step:  97
FC:  (156.92571201919174+417.9201663940258j) Kx: -0.2 Ky:  -0.9
Err: 22.645164917733997 relErr: 0.31431435486855475
on step:  98
FC:  (-312.4386039592992-308.06762380024196j) Kx: -0.9 Ky:  0.2
Err: 22.25258271398115 relErr: 0.3088653231413087
on step:  99
FC:  (-312.4386039592992+308.06762380024196j) Kx: 0.9 Ky:  -0.2
Err: 22.120173715554465 relErr: 0.30702748936661706
on step:  100
FC:  (30.246288857311875-430.0241709591952j) Kx: 0.7000000000000001 Ky:  -0.5
Err: 21.73219559866074 relErr: 0.3016423622563672
on step:  101
FC:  (30.246288857311875+430.0241709591952j) Kx: -0.7000000000000001 Ky:  0.5
Err: 21.601321078022753 relErr: 0.29982582699718496
on step:  102
FC:  (-380.55829427762956-142.44493840511575j) Kx: 0.30000000000000004 Ky:  0.8
Err: 21.248537043350368 relErr: 0.2949291929179542
on step:  103
FC:  (-380.55829427762956+142.44493840511575j) Kx: -0.30000000000000004 Ky:  -0.8
Err: 21.129633484869075 relErr: 0.29327881433111713
on step:  104
FC:  (-254.44980119622363+268.27953786111595j) Kx: -0.8 Ky:  0.30000000000000004
Err: 20.83133333365805 relErr: 0.28913841526907896
on step:  105
FC:  (-254.44980119622363-268.27953786111595j) Kx: 0.8 Ky:  -0.30000000000000004
Err: 20.730946132348386 relErr: 0.2877450432829912
on step:  106
FC:  (156.5538933361646-334.95846987293515j) Kx: -1.0 Ky:  0.4
Err: 20.426852232999746 relErr: 0.28352422713347497
on step:  107
FC:  (156.5538933361646+334.95846987293515j) Kx: 1.0 Ky:  -0.4
Err: 20.324476549658844 relErr: 0.2821032550637011
on step:  108
FC:  (-60.37540719918757-331.7450619318704j) Kx: 0.9 Ky:  -0.6000000000000001
Err: 20.066758665131765 relErr: 0.27852613690591804
on step:  109
FC:  (-60.37540719918757+331.7450619318704j) Kx: -0.9 Ky:  0.6000000000000001
Err: 19.980113999348873 relErr: 0.2773235109887615
on step:  110
FC:  (24.03855927157503-332.5813138379781j) Kx: -0.6000000000000001 Ky:  -0.7000000000000001
Err: 19.723726150896137 relErr: 0.2737648537003154
on step:  111
FC:  (24.03855927157503+332.5813138379781j) Kx: 0.6000000000000001 Ky:  0.7000000000000001
Err: 19.637519681086676 relErr: 0.2725683099329332
on step:  112
FC:  (148.80529748278303-296.26403044323195j) Kx: 0.6000000000000001 Ky:  0.6000000000000001
Err: 19.379605891521745 relErr: 0.2689884726178461
on step:  113
FC:  (148.80529748278303+296.26403044323195j) Kx: -0.6000000000000001 Ky:  -0.6000000000000001
Err: 19.292868447673875 relErr: 0.26778455894333625
on step:  114
FC:  (-305.60617689473855-123.90944761710499j) Kx: 0.0 Ky:  1.1
Err: 19.033090482749646 relErr: 0.2641788469182372
on step:  115
FC:  (-305.60617689473855+123.90944761710499j) Kx: 0.0 Ky:  -1.1
Err: 18.94570628892723 relErr: 0.2629659563693372
on step:  116
FC:  (278.7421788279643+174.61473564871628j) Kx: -0.8 Ky:  -0.1
Err: 18.682476404072265 relErr: 0.2593123317770288
on step:  117
FC:  (278.7421788279643-174.61473564871628j) Kx: 0.8 Ky:  0.1
Err: 18.593905019016052 relErr: 0.258082963041809
on step:  118
FC:  (131.11853649989666+300.6265206009716j) Kx: 0.1 Ky:  -1.1
Err: 18.327169037979047 relErr: 0.2543806739172012
on step:  119
FC:  (131.11853649989666-300.6265206009716j) Kx: -0.1 Ky:  1.1
Err: 18.237390126974866 relErr: 0.2531345447503086
on step:  120
FC:  (-298.9723719707746-99.32007942001256j) Kx: -0.1 Ky:  -0.8
Err: 17.986547339933594 relErr: 0.24965285278344804
on step:  121
FC:  (-298.9723719707746+99.32007942001256j) Kx: 0.1 Ky:  0.8
Err: 17.90215203267667 relErr: 0.24848144790957055
on step:  122
FC:  (106.34997674986431+287.0866693170026j) Kx: 0.7000000000000001 Ky:  0.5
Err: 17.66085769305133 relErr: 0.24513228816759935
on step:  123
FC:  (106.34997674986431-287.0866693170026j) Kx: -0.7000000000000001 Ky:  -0.5
Err: 17.57969027425087 relErr: 0.24400568630935304
on step:  124
FC:  (-59.34108691456669-295.73954418322774j) Kx: -0.9 Ky:  0.1
Err: 17.341157559320568 relErr: 0.24069485785300349
on step:  125
FC:  (-59.34108691456669+295.73954418322774j) Kx: 0.9 Ky:  -0.1
Err: 17.26091414970185 relErr: 0.23958108122040284
on step:  126
FC:  (3.5487392628479792-291.7401720496487j) Kx: 0.7000000000000001 Ky:  0.9
Err: 17.033664842103832 relErr: 0.23642686619165468
on step:  127
FC:  (3.5487392628479792+291.7401720496487j) Kx: -0.7000000000000001 Ky:  -0.9
Err: 16.957238322017723 relErr: 0.23536606789572787
on step:  128
FC:  (-95.05766418635937-266.4518289841392j) Kx: -0.6000000000000001 Ky:  -0.9
Err: 16.739794919198076 relErr: 0.2323479585939865
on step:  129
FC:  (-95.05766418635937+266.4518289841392j) Kx: 0.6000000000000001 Ky:  0.9
Err: 16.66668337570028 relErr: 0.23133317209490661
on step:  130
FC:  (-205.06707188951185+184.73867141319505j) Kx: -0.9 Ky:  -0.6000000000000001
Err: 16.456116395179155 relErr: 0.22841050737245688
on step:  131
FC:  (-205.06707188951185-184.73867141319505j) Kx: 0.9 Ky:  0.6000000000000001
Err: 16.38532608261523 relErr: 0.2274279395039823
on step:  132
FC:  (129.627307939341+226.64981189617967j) Kx: 0.4 Ky:  0.8
Err: 16.193747306639548 relErr: 0.22476883061269984
on step:  133
FC:  (129.627307939341-226.64981189617967j) Kx: -0.4 Ky:  -0.8
Err: 16.12938205565185 relErr: 0.22387544244733887
on step:  134
FC:  (-258.6569555129758-25.1159302017805j) Kx: 0.7000000000000001 Ky:  -0.9
Err: 15.936562428052113 relErr: 0.2211991105647857
on step:  135
FC:  (-258.6569555129758+25.1159302017805j) Kx: -0.7000000000000001 Ky:  0.9
Err: 15.871768674763642 relErr: 0.22029977479759819
on step:  136
FC:  (-246.15500765865573-65.02910296999991j) Kx: 0.8 Ky:  -0.4
Err: 15.683701555305081 relErr: 0.21768940761593494
on step:  137
FC:  (-246.15500765865573+65.02910296999991j) Kx: -0.8 Ky:  0.4
Err: 15.620509349765216 relErr: 0.21681230129371826
on step:  138
FC:  (204.58066811644014+148.08395938754205j) Kx: 1.1 Ky:  0.4
Err: 15.432462081007339 relErr: 0.21420220963931222
on step:  139
FC:  (204.58066811644014-148.08395938754205j) Kx: -1.1 Ky:  -0.4
Err: 15.369268375352322 relErr: 0.21332508249553261
on step:  140
FC:  (197.54338761660938+153.50732734956165j) Kx: 1.1 Ky:  0.2
Err: 15.181709981664161 relErr: 0.2107217764155619
on step:  141
FC:  (197.54338761660938-153.50732734956165j) Kx: -1.1 Ky:  -0.2
Err: 15.118673458958405 relErr: 0.20984683096741016
on step:  142
FC:  (18.532973788234372+248.60536090466897j) Kx: 1.1 Ky:  0.0
Err: 14.929315422342128 relErr: 0.20721854588605
on step:  143
FC:  (18.532973788234372-248.60536090466897j) Kx: -1.1 Ky:  0.0
Err: 14.865660079082895 relErr: 0.20633501122321368
on step:  144
FC:  (162.93069729309642+181.6579519043404j) Kx: 0.9 Ky:  -0.7000000000000001
Err: 14.681152826128464 relErr: 0.20377405490465206
on step:  145
FC:  (162.93069729309642-181.6579519043404j) Kx: -0.9 Ky:  0.7000000000000001
Err: 14.619132938603899 relErr: 0.20291322032883327
on step:  146
FC:  (209.4391821194518-124.22254772151425j) Kx: -1.0 Ky:  0.30000000000000004
Err: 14.43226717486311 relErr: 0.20031952793619323
on step:  147
FC:  (209.4391821194518+124.22254772151425j) Kx: 1.0 Ky:  -0.30000000000000004
Err: 14.369438580426534 relErr: 0.19944746852751277
on step:  148
FC:  (-208.03412206498382-119.37174083440163j) Kx: 0.30000000000000004 Ky:  -0.8
Err: 14.184989846671032 relErr: 0.19688732445405183
on step:  149
FC:  (-208.03412206498382+119.37174083440163j) Kx: -0.30000000000000004 Ky:  0.8
Err: 14.122971626443572 relErr: 0.19602651302027752
on step:  150
FC:  (233.8928509046139-25.642071120533558j) Kx: 0.2 Ky:  -0.8
Err: 13.942369188890645 relErr: 0.19351975544737585
on step:  151
FC:  (233.8928509046139+25.642071120533558j) Kx: -0.2 Ky:  0.8
Err: 13.881646238060508 relErr: 0.19267692232228156
on step:  152
FC:  (213.05646709969793+78.25644848653118j) Kx: -0.6000000000000001 Ky:  0.6000000000000001
Err: 13.710709980482868 relErr: 0.1903043310994159
on step:  153
FC:  (213.05646709969793-78.25644848653118j) Kx: 0.6000000000000001 Ky:  -0.6000000000000001
Err: 13.653255660549616 relErr: 0.18950686649406479
on step:  154
FC:  (-184.89551514206818+117.95342559729204j) Kx: 0.8 Ky:  -0.8
Err: 13.49102523930835 relErr: 0.1872551120741811
on step:  155
FC:  (-184.89551514206818-117.95342559729204j) Kx: -0.8 Ky:  0.8
Err: 13.43651316250226 relErr: 0.18649848573402877
on step:  156
FC:  (196.38565627880988+80.44233933625013j) Kx: 0.9 Ky:  0.0
Err: 13.282187576611328 relErr: 0.1843564502423361
on step:  157
FC:  (196.38565627880988-80.44233933625013j) Kx: -0.9 Ky:  0.0
Err: 13.230345691062608 relErr: 0.1836368860938474
on step:  158
FC:  (168.72988933734257+123.72889284323108j) Kx: -0.2 Ky:  1.1
Err: 13.077996606599408 relErr: 0.18152228439534682
on step:  159
FC:  (168.72988933734257-123.72889284323108j) Kx: 0.2 Ky:  -1.1
Err: 13.026817644944137 relErr: 0.18081192161486112
on step:  160
FC:  (88.49770190813058+187.07162492389295j) Kx: -1.0 Ky:  -0.5
Err: 12.875441381301922 relErr: 0.17871082264640742
on step:  161
FC:  (88.49770190813058-187.07162492389295j) Kx: 1.0 Ky:  0.5
Err: 12.824585569635898 relErr: 0.17800494518014948
on step:  162
FC:  (105.04584134613705-178.25207539276994j) Kx: 0.7000000000000001 Ky:  0.8
Err: 12.67086287927412 relErr: 0.17587127786417941
on step:  163
FC:  (105.04584134613705+178.25207539276994j) Kx: -0.7000000000000001 Ky:  -0.8
Err: 12.619205857059761 relErr: 0.1751542796144108
on step:  164
FC:  (-139.99101674635688-151.87725810902558j) Kx: 0.5 Ky:  -1.0
Err: 12.463479993451502 relErr: 0.17299280830103358
on step:  165
FC:  (-139.99101674635688+151.87725810902558j) Kx: -0.5 Ky:  1.0
Err: 12.411137172257988 relErr: 0.172266291177612
on step:  166
FC:  (-151.92688718439743+137.5838965657963j) Kx: -0.2 Ky:  0.9
Err: 12.25520681709185 relErr: 0.17010198152623526
on step:  167
FC:  (-151.92688718439743-137.5838965657963j) Kx: 0.2 Ky:  -0.9
Err: 12.20278725824793 relErr: 0.16937439928603626
on step:  168
FC:  (26.522109591745924-182.41939489437112j) Kx: -0.6000000000000001 Ky:  -1.0
Err: 12.074644149693325 relErr: 0.16759577596213857
on step:  169
FC:  (26.522109591745924+182.41939489437112j) Kx: 0.6000000000000001 Ky:  1.0
Err: 12.031626497095548 relErr: 0.16699869195884912
on step:  170
FC:  (67.9170079721989-169.10245036994908j) Kx: 0.5 Ky:  1.0
Err: 11.904609196574249 relErr: 0.16523569482389638
on step:  171
FC:  (67.9170079721989+169.10245036994908j) Kx: -0.5 Ky:  -1.0
Err: 11.861967857077635 relErr: 0.16464383403757404
on step:  172
FC:  (-3.612989090667191-181.35197442344634j) Kx: 0.30000000000000004 Ky:  0.9
Err: 11.734310831931666 relErr: 0.16287195753992167
on step:  173
FC:  (-3.612989090667191+181.35197442344634j) Kx: -0.30000000000000004 Ky:  -0.9
Err: 11.691448746259125 relErr: 0.1622770328018848
on step:  174
FC:  (10.8132163200215+175.49711065425396j) Kx: 0.2 Ky:  1.0
Err: 11.56976726927304 relErr: 0.16058809677173105
on step:  175
FC:  (10.8132163200215-175.49711065425396j) Kx: -0.2 Ky:  -1.0
Err: 11.528921384560986 relErr: 0.1600211568554644
on step:  176
FC:  (-168.45000489623519+43.75118452760522j) Kx: 0.7000000000000001 Ky:  0.30000000000000004
Err: 11.4080206568731 relErr: 0.15834305760715214
on step:  177
FC:  (-168.45000489623519-43.75118452760522j) Kx: -0.7000000000000001 Ky:  -0.30000000000000004
Err: 11.367434670132425 relErr: 0.15777972506859736
on step:  178
FC:  (150.44547346765896-82.29084068181163j) Kx: 0.8 Ky:  -0.1
Err: 11.248395698628674 relErr: 0.15612746695220284
on step:  179
FC:  (150.44547346765896+82.29084068181163j) Kx: -0.8 Ky:  0.1
Err: 11.208435100286206 relErr: 0.15557281478986254
on step:  180
FC:  (170.96551365901945+1.4290933193524995j) Kx: 0.7000000000000001 Ky:  0.4
Err: 11.088409110722926 relErr: 0.1539068568860851
on step:  181
FC:  (170.96551365901945-1.4290933193524995j) Kx: -0.7000000000000001 Ky:  -0.4
Err: 11.048110683577303 relErr: 0.15334751566792623
on step:  182
FC:  (-102.5309534572213-132.594075514097j) Kx: -0.5 Ky:  -0.6000000000000001
Err: 10.93108808927107 relErr: 0.15172324481946783
on step:  183
FC:  (-102.5309534572213+132.594075514097j) Kx: 0.5 Ky:  0.6000000000000001
Err: 10.891801160889177 relErr: 0.1511779431802887
on step:  184
FC:  (153.84252804261467-65.97951628755334j) Kx: -0.1 Ky:  -0.9
Err: 10.773390823577477 relErr: 0.1495344104916507
on step:  185
FC:  (153.84252804261467+65.97951628755334j) Kx: 0.1 Ky:  0.9
Err: 10.733630433080052 relErr: 0.14898253720947674
on step:  186
FC:  (-121.21348890979938+109.09086382327285j) Kx: 1.1 Ky:  0.1
Err: 10.619609795540729 relErr: 0.1473999334501282
on step:  187
FC:  (-121.21348890979938-109.09086382327285j) Kx: -1.1 Ky:  -0.1
Err: 10.58132988749896 relErr: 0.14686860922951483
on step:  188
FC:  (-159.9919341344769+29.834366518151292j) Kx: 0.4 Ky:  -0.6000000000000001
Err: 10.466113813924922 relErr: 0.14526941284620426
on step:  189
FC:  (-159.9919341344769-29.834366518151292j) Kx: -0.4 Ky:  0.6000000000000001
Err: 10.42742555757079 relErr: 0.14473242076064807
on step:  190
FC:  (80.03302260580666-141.2576703048161j) Kx: 0.1 Ky:  0.7000000000000001
Err: 10.31106027234304 relErr: 0.14311727334669336
on step:  191
FC:  (80.03302260580666+141.2576703048161j) Kx: -0.1 Ky:  -0.7000000000000001
Err: 10.271978907053942 relErr: 0.1425748249183931
on step:  192
FC:  (126.80325998195673+99.43883733113934j) Kx: 0.7000000000000001 Ky:  -0.1
Err: 10.155598808630172 relErr: 0.1409594718976271
on step:  193
FC:  (126.80325998195673-99.43883733113934j) Kx: -0.7000000000000001 Ky:  0.1
Err: 10.116507928141365 relErr: 0.1404168913985793
on step:  194
FC:  (-34.18425439490136-147.42637508763312j) Kx: 1.1 Ky:  -0.30000000000000004
Err: 10.012336954564478 relErr: 0.1389710007426801
on step:  195
FC:  (-34.18425439490136+147.42637508763312j) Kx: -1.1 Ky:  0.30000000000000004
Err: 9.977371606236499 relErr: 0.1384856825327051
on step:  196
FC:  (132.06233784627835-69.38158986127839j) Kx: 1.0 Ky:  -0.6000000000000001
Err: 9.874740769102146 relErr: 0.1370611689342971
on step:  197
FC:  (132.06233784627835+69.38158986127839j) Kx: -1.0 Ky:  0.6000000000000001
Err: 9.840292625373461 relErr: 0.1365830295119597
on step:  198
FC:  (103.53137078645344-105.06899606037803j) Kx: 0.4 Ky:  -1.1
Err: 9.738548798848402 relErr: 0.1351708275998845
on step:  199
FC:  (103.53137078645344+105.06899606037803j) Kx: -0.4 Ky:  1.1
Err: 9.704397145576626 relErr: 0.1346968034580949
on step:  200
FC:  (19.009274790382594-145.12646729080913j) Kx: 0.6000000000000001 Ky:  -1.0
Err: 9.602811343503024 relErr: 0.1332867949216782
on step:  201
FC:  (19.009274790382594+145.12646729080913j) Kx: -0.6000000000000001 Ky:  1.0
Err: 9.568709749953502 relErr: 0.1328134656076526
on step:  202
FC:  (-122.97639060007128+76.80785324161909j) Kx: 1.0 Ky:  -0.5
Err: 9.467604036812428 relErr: 0.13141012069429428
on step:  203
FC:  (-122.97639060007128-76.80785324161909j) Kx: -1.0 Ky:  0.5
Err: 9.433661334332017 relErr: 0.13093899678455978
on step:  204
FC:  (40.05613424041017-136.14305417890606j) Kx: 0.4 Ky:  -0.7000000000000001
Err: 9.335424293250336 relErr: 0.12957546897171512
on step:  205
FC:  (40.05613424041017+136.14305417890606j) Kx: -0.4 Ky:  0.7000000000000001
Err: 9.302448078671965 relErr: 0.1291177598912619
on step:  206
FC:  (138.71023998584863+28.34244339002077j) Kx: -0.7000000000000001 Ky:  0.30000000000000004
Err: 9.203286005062102 relErr: 0.12774139264874718
on step:  207
FC:  (138.71023998584863-28.34244339002077j) Kx: 0.7000000000000001 Ky:  -0.30000000000000004
Err: 9.169993691519096 relErr: 0.12727929612212147
on step:  208
FC:  (-116.04007788239342-79.22993851007166j) Kx: -0.9 Ky:  -0.7000000000000001
Err: 9.070903356634313 relErr: 0.12590392461141858
on step:  209
FC:  (-116.04007788239342+79.22993851007166j) Kx: 0.9 Ky:  0.7000000000000001
Err: 9.037631815896216 relErr: 0.12544211641083497
on step:  210
FC:  (59.61239124307754-118.49929892596862j) Kx: -0.4 Ky:  -0.7000000000000001
Err: 8.948064174199065 relErr: 0.12419891965694023
on step:  211
FC:  (59.61239124307754+118.49929892596862j) Kx: 0.4 Ky:  0.7000000000000001
Err: 8.918008391687755 relErr: 0.12378174610468609
on step:  212
FC:  (72.8734601203183-106.10206204367145j) Kx: 0.2 Ky:  0.8
Err: 8.832554029815494 relErr: 0.12259564157773035
on step:  213
FC:  (72.8734601203183+106.10206204367145j) Kx: -0.2 Ky:  -0.8
Err: 8.803884920575811 relErr: 0.12219771501777538
on step:  214
FC:  (-11.015116764467717+127.5485603175844j) Kx: -0.5 Ky:  -0.5
Err: 8.718247719851092 relErr: 0.1210090726918606
on step:  215
FC:  (-11.015116764467717-127.5485603175844j) Kx: 0.5 Ky:  0.5
Err: 8.689514438371742 relErr: 0.12061025542273282
on step:  216
FC:  (69.58034351198259+106.93978670210369j) Kx: 0.6000000000000001 Ky:  0.4
Err: 8.603337008329987 relErr: 0.11941411472664137
on step:  217
FC:  (69.58034351198259-106.93978670210369j) Kx: -0.6000000000000001 Ky:  -0.4
Err: 8.574418727449897 relErr: 0.1190127296701954
on step:  218
FC:  (17.45313046243875+118.90279203895841j) Kx: -0.30000000000000004 Ky:  0.7000000000000001
Err: 8.496964602434534 relErr: 0.11793766824209129
on step:  219
FC:  (17.45313046243875-118.90279203895841j) Kx: 0.30000000000000004 Ky:  -0.7000000000000001
Err: 8.470989184789426 relErr: 0.11757713005792599
on step:  220
FC:  (116.32173934031943-11.131712249302444j) Kx: 0.5 Ky:  -0.6000000000000001
Err: 8.396876569307805 relErr: 0.11654844870332547
on step:  221
FC:  (116.32173934031943+11.131712249302444j) Kx: -0.5 Ky:  0.6000000000000001
Err: 8.372026570907472 relErr: 0.1162035313117295
on step:  222
FC:  (-87.11773520225805-77.31226252794809j) Kx: -0.9 Ky:  0.8
Err: 8.297515394956843 relErr: 0.115169317947221
on step:  223
FC:  (-87.11773520225805+77.31226252794809j) Kx: 0.9 Ky:  -0.8
Err: 8.272529198381081 relErr: 0.11482251012816294
on step:  224
FC:  (-66.39348004592324+95.04378225658502j) Kx: 0.8 Ky:  -0.2
Err: 8.19781318797353 relErr: 0.11378545366622433
on step:  225
FC:  (-66.39348004592324-95.04378225658502j) Kx: -0.8 Ky:  0.2
Err: 8.172756061484264 relErr: 0.11343766134164004
on step:  226
FC:  (-112.2276863868839-22.43719308273857j) Kx: -0.4 Ky:  -0.6000000000000001
Err: 8.09905796177571 relErr: 0.11241473345619143
on step:  227
FC:  (-112.2276863868839+22.43719308273857j) Kx: 0.4 Ky:  0.6000000000000001
Err: 8.074342446545979 relErr: 0.11207168268783102
on step:  228
FC:  (-99.32946979953535-55.69005540957591j) Kx: 0.5 Ky:  0.7000000000000001
Err: 8.000485934280322 relErr: 0.1110465560398267
on step:  229
FC:  (-99.32946979953535+55.69005540957591j) Kx: -0.5 Ky:  -0.7000000000000001
Err: 7.975715115155821 relErr: 0.11070273765471149
on step:  230
FC:  (88.26798876572903-64.01687674524734j) Kx: -0.30000000000000004 Ky:  -1.2000000000000002
Err: 7.907181841162113 relErr: 0.10975149742834896
on step:  231
FC:  (88.26798876572903+64.01687674524734j) Kx: 0.30000000000000004 Ky:  1.2000000000000002
Err: 7.884205034512365 relErr: 0.10943257989406333
on step:  232
FC:  (-104.42300591822777+26.292866963373505j) Kx: -0.5 Ky:  0.5
Err: 7.816590766806869 relErr: 0.10849409545330221
on step:  233
FC:  (-104.42300591822777-26.292866963373505j) Kx: 0.5 Ky:  -0.5
Err: 7.793922329539674 relErr: 0.10817945807877212
on step:  234
FC:  (-107.09649766281476-9.538032003528688j) Kx: 0.0 Ky:  -1.2000000000000002
Err: 7.7257244085809615 relErr: 0.10723287254462449
on step:  235
FC:  (-107.09649766281476+9.538032003528688j) Kx: 0.0 Ky:  1.2000000000000002
Err: 7.702857592488592 relErr: 0.10691548167668066
on step:  236
FC:  (98.63247709906408+42.19931548888479j) Kx: 0.8 Ky:  0.30000000000000004
Err: 7.634154906852281 relErr: 0.10596189002071514
on step:  237
FC:  (98.63247709906408-42.19931548888479j) Kx: -0.8 Ky:  -0.30000000000000004
Err: 7.6111162010379685 relErr: 0.10564211332748553
on step:  238
FC:  (51.20322405528259+92.6376759942289j) Kx: -0.2 Ky:  -0.7000000000000001
Err: 7.543432768099941 relErr: 0.10470266887492846
on step:  239
FC:  (51.20322405528259-92.6376759942289j) Kx: 0.2 Ky:  0.7000000000000001
Err: 7.520736264526081 relErr: 0.10438764194072393
on step:  240
FC:  (92.50165919405362+49.21080992951143j) Kx: -0.9 Ky:  -0.1
Err: 7.45361550984519 relErr: 0.10345600744910259
on step:  241
FC:  (92.50165919405362-49.21080992951143j) Kx: 0.9 Ky:  0.1
Err: 7.431107201349863 relErr: 0.10314359265814865
on step:  242
FC:  (-100.83818157988786+25.17306864630038j) Kx: 1.1 Ky:  0.5
Err: 7.36426503897305 relErr: 0.10221582502113603
on step:  243
FC:  (-100.83818157988786-25.17306864630038j) Kx: -1.1 Ky:  -0.5
Err: 7.341849086322627 relErr: 0.10190469212713074
on step:  244
FC:  (-67.92759359122653+77.85790326570051j) Kx: -0.30000000000000004 Ky:  0.6000000000000001
Err: 7.274979725090279 relErr: 0.1009765469706449
on step:  245
FC:  (-67.92759359122653-77.85790326570051j) Kx: 0.30000000000000004 Ky:  -0.6000000000000001
Err: 7.252552929729 relErr: 0.10066526358006869
on step:  246
FC:  (-5.819070846913158+102.67213459896502j) Kx: 0.7000000000000001 Ky:  -0.2
Err: 7.185493342415853 relErr: 0.09973447809006872
on step:  247
FC:  (-5.819070846913158-102.67213459896502j) Kx: -0.7000000000000001 Ky:  0.2
Err: 7.163000635140961 relErr: 0.09942227984368641
on step:  248
FC:  (-65.07801972789704-78.93474553020152j) Kx: -0.6000000000000001 Ky:  0.30000000000000004
Err: 7.09580168705232 relErr: 0.09848956002941002
on step:  249
FC:  (-65.07801972789704+78.93474553020152j) Kx: 0.6000000000000001 Ky:  -0.30000000000000004
Err: 7.0732601683822445 relErr: 0.09817668428201401
on step:  250
FC:  (-68.72139103784917-74.08377472196565j) Kx: -0.30000000000000004 Ky:  -0.6000000000000001
Err: 7.00686529130355 relErr: 0.097255124954388
on step:  251
FC:  (-68.72139103784917+74.08377472196565j) Kx: 0.30000000000000004 Ky:  0.6000000000000001
Err: 6.984593412940482 relErr: 0.09694599180809255
on step:  252
FC:  (-100.69563824771846+8.365960726446122j) Kx: -0.7000000000000001 Ky:  1.0
Err: 6.917357029125387 relErr: 0.09601275238681609
on step:  253
FC:  (-100.69563824771846-8.365960726446122j) Kx: 0.7000000000000001 Ky:  -1.0
Err: 6.894799197691693 relErr: 0.09569965021864585
on step:  254
FC:  (-61.08309099092949-80.04210403105768j) Kx: 1.2000000000000002 Ky:  0.0
Err: 6.827159374140705 relErr: 0.09476081106335216
on step:  255
FC:  (-61.08309099092949+80.04210403105768j) Kx: -1.2000000000000002 Ky:  0.0
Err: 6.804463351437771 relErr: 0.09444579080362474
on step:  256
FC:  (-1.152255217485834+98.77559589604047j) Kx: -0.5 Ky:  -1.1
Err: 6.738497967612351 relErr: 0.09353019283222262
on step:  257
FC:  (-1.152255217485834-98.77559589604047j) Kx: 0.5 Ky:  1.1
Err: 6.716365533456404 relErr: 0.09322299516823258
on step:  258
FC:  (-42.63052614395893-87.88459828101213j) Kx: 1.2000000000000002 Ky:  -0.1
Err: 6.651019128425637 relErr: 0.09231598860789882
on step:  259
FC:  (-42.63052614395893+87.88459828101213j) Kx: -1.2000000000000002 Ky:  0.1
Err: 6.629093849784039 relErr: 0.09201166625756121
on step:  260
FC:  (26.48034631975679+93.30351901205576j) Kx: 0.7000000000000001 Ky:  0.1
Err: 6.563815284623995 relErr: 0.09110560131303279
on step:  261
FC:  (26.48034631975679-93.30351901205576j) Kx: -0.7000000000000001 Ky:  -0.1
Err: 6.541911012678424 relErr: 0.0908015705351405
on step:  262
FC:  (-91.29032516424724+32.01376030654683j) Kx: -1.2000000000000002 Ky:  0.2
Err: 6.476092616080329 relErr: 0.0898880127429863
on step:  263
FC:  (-91.29032516424724-32.01376030654683j) Kx: 1.2000000000000002 Ky:  -0.2
Err: 6.454003992106951 relErr: 0.08958142316329686
on step:  264
FC:  (17.885034170043973-94.94662770109665j) Kx: 0.2 Ky:  -0.7000000000000001
Err: 6.387452299115739 relErr: 0.08865768723450432
on step:  265
FC:  (17.885034170043973+94.94662770109665j) Kx: -0.2 Ky:  0.7000000000000001
Err: 6.365113771273935 relErr: 0.08834762899501625
on step:  266
FC:  (-69.36830712374402-66.70627917055728j) Kx: -0.5 Ky:  0.7000000000000001
Err: 6.298153721767363 relErr: 0.08741822508742347
on step:  267
FC:  (-69.36830712374402+66.70627917055728j) Kx: 0.5 Ky:  -0.7000000000000001
Err: 6.275674940880523 relErr: 0.0871062201389788
on step:  268
FC:  (70.23372349690942-60.9926912595904j) Kx: -1.0 Ky:  0.7000000000000001
Err: 6.212237982031561 relErr: 0.08622571664660547
on step:  269
FC:  (70.23372349690942+60.9926912595904j) Kx: 1.0 Ky:  -0.7000000000000001
Err: 6.1909478815979515 relErr: 0.08593021055481119
on step:  270
FC:  (-68.81916475615253-59.836970489780676j) Kx: 0.4 Ky:  1.1
Err: 6.129146241657455 relErr: 0.08507240525031091
on step:  271
FC:  (-68.81916475615253+59.836970489780676j) Kx: -0.4 Ky:  -1.1
Err: 6.108406746275515 relErr: 0.08478454154364526
on step:  272
FC:  (55.21687905370817-70.7822596973306j) Kx: 1.2000000000000002 Ky:  0.4
Err: 6.047710852882337 relErr: 0.08394208397513768
on step:  273
FC:  (55.21687905370817+70.7822596973306j) Kx: -1.2000000000000002 Ky:  -0.4
Err: 6.027343064798921 relErr: 0.08365937955700713
on step:  274
FC:  (86.84722966091641-6.782921558768143j) Kx: 0.6000000000000001 Ky:  0.30000000000000004
Err: 5.969432228901001 relErr: 0.08285557852083543
on step:  275
FC:  (86.84722966091641+6.782921558768143j) Kx: -0.6000000000000001 Ky:  -0.30000000000000004
Err: 5.950003364732613 relErr: 0.08258590634449667
on step:  276
FC:  (-53.95745936683724-68.25675528579488j) Kx: -0.1 Ky:  -1.2000000000000002
Err: 5.891472646684193 relErr: 0.08177350135869878
on step:  277
FC:  (-53.95745936683724+68.25675528579488j) Kx: 0.1 Ky:  1.2000000000000002
Err: 5.871832756081722 relErr: 0.08150090014043297
on step:  278
FC:  (-29.62975972866934+80.68890511406727j) Kx: -0.30000000000000004 Ky:  -1.1
Err: 5.813946281280423 relErr: 0.0806974372357077
on step:  279
FC:  (-29.62975972866934-80.68890511406727j) Kx: 0.30000000000000004 Ky:  1.1
Err: 5.7945222849131 relErr: 0.08042783262433288
on step:  280
FC:  (-10.087181794119324+85.12475783613039j) Kx: 0.5 Ky:  -0.4
Err: 5.7361800223679795 relErr: 0.07961804339647521
on step:  281
FC:  (-10.087181794119324-85.12475783613039j) Kx: -0.5 Ky:  0.4
Err: 5.71660028588378 relErr: 0.079346277115952
on step:  282
FC:  (0.4013888267305804-83.20391707559034j) Kx: -1.1 Ky:  -0.30000000000000004
Err: 5.66089166144597 relErr: 0.07857304272289743
on step:  283
FC:  (0.4013888267305804+83.20391707559034j) Kx: 1.1 Ky:  0.30000000000000004
Err: 5.642199889580528 relErr: 0.07831360137033586
on step:  284
FC:  (55.97587666689678-60.79708474279497j) Kx: -0.6000000000000001 Ky:  -0.5
Err: 5.586515235666561 relErr: 0.07754069968758677
on step:  285
FC:  (55.97587666689678+60.79708474279497j) Kx: 0.6000000000000001 Ky:  0.5
Err: 5.56782992793889 relErr: 0.07728134805710497
on step:  286
FC:  (-77.88947608934109-25.562204797935596j) Kx: 0.1 Ky:  -0.8
Err: 5.512302396812982 relErr: 0.07651062723494768
on step:  287
FC:  (-77.88947608934109+25.562204797935596j) Kx: -0.1 Ky:  0.8
Err: 5.493668499560458 relErr: 0.0762519891806482
on step:  288
FC:  (-74.28044328309343+31.964258122761365j) Kx: 0.6000000000000001 Ky:  -0.5
Err: 5.438906412647605 relErr: 0.0754918927061116
on step:  289
FC:  (-74.28044328309343-31.964258122761365j) Kx: -0.6000000000000001 Ky:  0.5
Err: 5.420529441518116 relErr: 0.07523682078033907
on step:  290
FC:  (-71.03200441784668+31.64506100441364j) Kx: 0.0 Ky:  -0.8
Err: 5.3692200655453 relErr: 0.07452464785220224
on step:  291
FC:  (-71.03200441784668-31.64506100441364j) Kx: 0.0 Ky:  0.8
Err: 5.352007630246568 relErr: 0.0742857396562897
on step:  292
FC:  (8.858560893157872+77.05007131775965j) Kx: 0.1 Ky:  0.6000000000000001
Err: 5.300309311961645 relErr: 0.07356816821803581
on step:  293
FC:  (8.858560893157872-77.05007131775965j) Kx: -0.1 Ky:  -0.6000000000000001
Err: 5.282964115458033 relErr: 0.07332741729973133
on step:  294
FC:  (-41.43686889541695-64.68443255216306j) Kx: -1.0 Ky:  -0.6000000000000001
Err: 5.231581876200575 relErr: 0.07261423303092249
on step:  295
FC:  (-41.43686889541695+64.68443255216306j) Kx: 1.0 Ky:  0.6000000000000001
Err: 5.214341948393999 relErr: 0.07237494323964962
on step:  296
FC:  (71.44983473702172-18.32040872524107j) Kx: 0.30000000000000004 Ky:  0.7000000000000001
Err: 5.166357469652813 relErr: 0.07170891980665495
on step:  297
FC:  (71.44983473702172+18.32040872524107j) Kx: -0.30000000000000004 Ky:  -0.7000000000000001
Err: 5.15026329625222 relErr: 0.07148553305950926
on step:  298
FC:  (-55.08475486854449+48.36778461420447j) Kx: -0.1 Ky:  -1.1
Err: 5.102276788483161 relErr: 0.07081948146365558
on step:  299
FC:  (-55.08475486854449-48.36778461420447j) Kx: 0.1 Ky:  1.1
Err: 5.0861806785463095 relErr: 0.0705960678374323
on step:  300
FC:  (17.39574446916403-70.26780219748017j) Kx: -1.1 Ky:  0.1
Err: 5.038797620253279 relErr: 0.06993839210607078
on step:  301
FC:  (17.39574446916403+70.26780219748017j) Kx: 1.1 Ky:  -0.1
Err: 5.022903938847282 relErr: 0.06971778818308058
on step:  302
FC:  (-70.70549477875718-5.498214837005605j) Kx: 0.30000000000000004 Ky:  0.5
Err: 4.976856411752612 relErr: 0.0690786495932477
on step:  303
FC:  (-70.70549477875718+5.498214837005605j) Kx: -0.30000000000000004 Ky:  -0.5
Err: 4.961412265135966 relErr: 0.06886428520252935
on step:  304
FC:  (-64.41136159590083+27.871064808644153j) Kx: -0.7000000000000001 Ky:  -0.2
Err: 4.915756066717455 relErr: 0.06823057824549028
on step:  305
FC:  (-64.41136159590083-27.871064808644153j) Kx: 0.7000000000000001 Ky:  0.2
Err: 4.900442808741412 relErr: 0.06801803058601591
on step:  306
FC:  (-62.37404274553542+29.928666885706882j) Kx: 0.8 Ky:  0.9
Err: 4.855527343623422 relErr: 0.06739460498971449
on step:  307
FC:  (-62.37404274553542-29.928666885706882j) Kx: -0.8 Ky:  -0.9
Err: 4.840462905444529 relErr: 0.067185510943155
on step:  308
FC:  (51.16625219255342+45.74503567447752j) Kx: 0.8 Ky:  0.0
Err: 4.795707811114821 relErr: 0.06656431128961188
on step:  309
FC:  (51.16625219255342-45.74503567447752j) Kx: -0.8 Ky:  0.0
Err: 4.780696340470578 relErr: 0.06635595243118385
on step:  310
FC:  (41.441756038464185+51.72291135291295j) Kx: -0.8 Ky:  0.9
Err: 4.738448665265428 relErr: 0.06576955569594065
on step:  311
FC:  (41.441756038464185-51.72291135291295j) Kx: 0.8 Ky:  -0.9
Err: 4.724282150536527 relErr: 0.06557292480568543
on step:  312
FC:  (61.41261727087651+23.4696133927412j) Kx: -0.30000000000000004 Ky:  1.1
Err: 4.682213204859206 relErr: 0.06498900883207234
on step:  313
FC:  (61.41261727087651-23.4696133927412j) Kx: 0.30000000000000004 Ky:  -1.1
Err: 4.668105973702598 relErr: 0.06479320079640208
on step:  314
FC:  (-11.328029312058565-64.37344870289871j) Kx: -0.4 Ky:  -1.2000000000000002
Err: 4.6260215980501656 relErr: 0.06420907065509844
on step:  315
FC:  (-11.328029312058565+64.37344870289871j) Kx: 0.4 Ky:  1.2000000000000002
Err: 4.611908134412789 relErr: 0.06401317611274213
on step:  316
FC:  (-5.2464057540264335+62.97305761685321j) Kx: -0.8 Ky:  -0.2
Err: 4.572101770582534 relErr: 0.06346066472179299
on step:  317
FC:  (-5.2464057540264335-62.97305761685321j) Kx: 0.8 Ky:  0.2
Err: 4.558755742597348 relErr: 0.0632754221681856
on step:  318
FC:  (36.68461424784971+51.22737612154502j) Kx: 1.2000000000000002 Ky:  0.5
Err: 4.518715426826445 relErr: 0.06271966352981911
on step:  319
FC:  (36.68461424784971-51.22737612154502j) Kx: -1.2000000000000002 Ky:  -0.5
Err: 4.5052895768527055 relErr: 0.06253331304889358
on step:  320
FC:  (-9.248665007921865+62.295820838561504j) Kx: 0.5 Ky:  0.30000000000000004
Err: 4.464807712664686 relErr: 0.06197142572891343
on step:  321
FC:  (-9.248665007921865-62.295820838561504j) Kx: -0.5 Ky:  -0.30000000000000004
Err: 4.451231944566308 relErr: 0.061782994387954406
on step:  322
FC:  (-33.78221690877005-52.21444312522139j) Kx: -0.5 Ky:  -0.4
Err: 4.411278468618291 relErr: 0.06122844108428106
on step:  323
FC:  (-33.78221690877005+52.21444312522139j) Kx: 0.5 Ky:  0.4
Err: 4.397879984964489 relErr: 0.06104247044723069
on step:  324
FC:  (-42.346479899562645+44.39399049432893j) Kx: -0.6000000000000001 Ky:  -0.1
Err: 4.358524890773142 relErr: 0.06049622266822436
on step:  325
FC:  (-42.346479899562645-44.39399049432893j) Kx: 0.6000000000000001 Ky:  0.1
Err: 4.345327319155787 relErr: 0.060313040685500446
on step:  326
FC:  (20.70087298790005+57.31914737415465j) Kx: 0.6000000000000001 Ky:  -0.4
Err: 4.306023881323893 relErr: 0.05976750989554475
on step:  327
FC:  (20.70087298790005-57.31914737415465j) Kx: -0.6000000000000001 Ky:  0.4
Err: 4.2928427704542935 relErr: 0.05958455638761139
on step:  328
FC:  (-58.14541032912779-12.634410767082777j) Kx: 0.2 Ky:  1.2000000000000002
Err: 4.254921272158875 relErr: 0.05905820688582264
on step:  329
FC:  (-58.14541032912779+12.634410767082777j) Kx: -0.2 Ky:  -1.2000000000000002
Err: 4.242205443604333 relErr: 0.058881711485446464
on step:  330
FC:  (50.89094877668601-30.68362158813867j) Kx: 0.30000000000000004 Ky:  -1.2000000000000002
Err: 4.203926752921201 relErr: 0.05835040416174225
on step:  331
FC:  (50.89094877668601+30.68362158813867j) Kx: -0.30000000000000004 Ky:  1.2000000000000002
Err: 4.191089498366749 relErr: 0.05817222337135171
on step:  332
FC:  (47.72046210377145+33.43754402912549j) Kx: 0.2 Ky:  -0.5
Err: 4.153839320318204 relErr: 0.057655191778753404
on step:  333
FC:  (47.72046210377145-33.43754402912549j) Kx: -0.2 Ky:  0.5
Err: 4.141348138499762 relErr: 0.05748181446977498
on step:  334
FC:  (-16.87555801051192-55.75853639921953j) Kx: 0.2 Ky:  0.5
Err: 4.103663343961832 relErr: 0.05695875041055644
on step:  335
FC:  (-16.87555801051192+55.75853639921953j) Kx: -0.2 Ky:  -0.5
Err: 4.091024605077503 relErr: 0.0567833250129843
on step:  336
FC:  (-32.620551334614305-48.13914312351194j) Kx: 0.5 Ky:  -1.1
Err: 4.053011079523457 relErr: 0.056255698175016675
on step:  337
FC:  (-32.620551334614305+48.13914312351194j) Kx: -0.5 Ky:  1.1
Err: 4.04026042574857 relErr: 0.05607871940140362
on step:  338
FC:  (49.58742414115931-30.31441300286056j) Kx: 1.1 Ky:  -0.4
Err: 4.001805904725201 relErr: 0.055544971556724686
on step:  339
FC:  (49.58742414115931+30.31441300286056j) Kx: -1.1 Ky:  0.4
Err: 3.988905350615374 relErr: 0.055365912169998754
on step:  340
FC:  (-53.08477324699475-19.186873091990158j) Kx: -1.2000000000000002 Ky:  -0.2
Err: 3.952172447057787 relErr: 0.05485606033513266
on step:  341
FC:  (-53.08477324699475+19.186873091990158j) Kx: 1.2000000000000002 Ky:  0.2
Err: 3.939852040748188 relErr: 0.05468505338618846
on step:  342
FC:  (52.721768496325765+18.515111428637194j) Kx: -0.8 Ky:  -0.8
Err: 3.903404971807215 relErr: 0.05417916892905826
on step:  343
FC:  (52.721768496325765-18.515111428637194j) Kx: 0.8 Ky:  0.8
Err: 3.891180086328973 relErr: 0.054009487806999996
on step:  344
FC:  (54.97955072275014+9.783242644943021j) Kx: -0.4 Ky:  -0.5
Err: 3.8543194814018555 relErr: 0.05349786348013725
on step:  345
FC:  (54.97955072275014-9.783242644943021j) Kx: 0.4 Ky:  0.5
Err: 3.841954025172273 relErr: 0.053326231239366376
on step:  346
FC:  (33.49997258440065+43.88490633660609j) Kx: -0.9 Ky:  -0.9
Err: 3.805462626978407 relErr: 0.05281973149325173
on step:  347
FC:  (33.49997258440065-43.88490633660609j) Kx: 0.9 Ky:  0.9
Err: 3.7932208165700096 relErr: 0.05264981545356216
on step:  348
FC:  (52.282443146115625-2.6780901387729465j) Kx: -1.1 Ky:  -0.6000000000000001
Err: 3.7600016431494456 relErr: 0.05218873411011059
on step:  349
FC:  (52.282443146115625+2.6780901387729465j) Kx: 1.1 Ky:  0.6000000000000001
Err: 3.748863172691426 relErr: 0.05203413240290495
on step:  350
FC:  (16.542656860817562-48.99803678862365j) Kx: 0.6000000000000001 Ky:  1.1
Err: 3.716062474056266 relErr: 0.051578859479603154
on step:  351
FC:  (16.542656860817562+48.99803678862365j) Kx: -0.6000000000000001 Ky:  -1.1
Err: 3.705064378963596 relErr: 0.05142620617915717
on step:  352
FC:  (21.791542417370394+44.59622083379725j) Kx: 0.5 Ky:  0.2
Err: 3.6744991643101903 relErr: 0.05100196172078802
on step:  353
FC:  (21.791542417370394-44.59622083379725j) Kx: -0.5 Ky:  -0.2
Err: 3.6642541024425075 relErr: 0.050859760503741136
on step:  354
FC:  (-12.72623139954539-47.790052357659484j) Kx: -0.1 Ky:  1.2000000000000002
Err: 3.633570452282368 relErr: 0.050433872163332366
on step:  355
FC:  (-12.72623139954539+47.790052357659484j) Kx: 0.1 Ky:  -1.2000000000000002
Err: 3.6232848263940105 relErr: 0.050291107918635405
on step:  356
FC:  (-34.30660648314988-35.50442901126026j) Kx: -0.2 Ky:  0.6000000000000001
Err: 3.5923575038735085 relErr: 0.04986183741161292
number of sum terms: 356
debug
Total coeffs: 356
kx =  0.9 Ky =  0.4
kx =  0.7000000000000001 Ky =  -0.5
kx =  0.6000000000000001 Ky =  -1.0
kx =  -1.1 Ky =  0.1
